<?xml version="1.0" encoding="UTF-8"?>
<!-- Generated by org.testng.reporters.JUnitReportReporter -->
<testsuite hostname="DESKTOP-309P706" failures="0" tests="1" name="SeleniumLAST.ActionsClassExample" time="19.100" errors="0" timestamp="2022-08-08T12:32:55 IST" skipped="0">
  <testcase classname="SeleniumLAST.ActionsClassExample" name="actionsclass" time="19.100"/>
  <system-out/>
</testsuite> <!-- SeleniumLAST.ActionsClassExample -->
