<?xml version="1.0" encoding="UTF-8"?>
<!-- Generated by org.testng.reporters.JUnitReportReporter -->
<testsuite hostname="DESKTOP-309P706" failures="0" tests="1" name="SeleniumUSE2.SreenShots" time="52.688" errors="0" timestamp="2022-08-01T11:05:37 IST" skipped="0">
  <testcase classname="SeleniumUSE2.SreenShots" name="ScreenshotsInSelenium" time="52.688"/>
  <system-out/>
</testsuite> <!-- SeleniumUSE2.SreenShots -->
