<?xml version="1.0" encoding="UTF-8"?>
<!-- Generated by org.testng.reporters.JUnitReportReporter -->
<testsuite hostname="DESKTOP-309P706" failures="0" tests="3" name="testcases.TestCaseGroup" time="0.026" errors="0" timestamp="2022-07-26T12:53:12 IST" skipped="0">
  <testcase classname="testcases.TestCaseGroup" name="test3" time="0.003"/>
  <system-out/>
  <testcase classname="testcases.TestCaseGroup" name="test1" time="0.020"/>
  <system-out/>
  <testcase classname="testcases.TestCaseGroup" name="test4" time="0.003"/>
  <system-out/>
</testsuite> <!-- testcases.TestCaseGroup -->
