<?xml version="1.0" encoding="UTF-8"?>
<!-- Generated by org.testng.reporters.JUnitReportReporter -->
<testsuite hostname="DESKTOP-309P706" failures="0" tests="1" name="testNG.ListenerUse" time="0.027" errors="0" timestamp="2022-07-26T16:02:51 IST" skipped="0">
  <testcase classname="testNG.ListenerUse" name="test" time="0.027"/>
  <system-out/>
</testsuite> <!-- testNG.ListenerUse -->
