<?xml version="1.0" encoding="UTF-8"?>
<!-- Generated by org.testng.reporters.JUnitReportReporter -->
<testsuite hostname="DESKTOP-309P706" failures="0" tests="1" name="SeleniumUSE.HandlingMultipleElements" time="35.514" errors="0" timestamp="2022-07-30T11:54:52 IST" skipped="0">
  <testcase classname="SeleniumUSE.HandlingMultipleElements" name="handlingMultipleElementss" time="35.514"/>
  <system-out/>
</testsuite> <!-- SeleniumUSE.HandlingMultipleElements -->
