<?xml version="1.0" encoding="UTF-8"?>
<!-- Generated by org.testng.reporters.JUnitReportReporter -->
<testsuite hostname="DESKTOP-309P706" failures="0" tests="1" name="testCases.HomePageTestCases" time="14.422" errors="0" timestamp="2022-08-08T14:28:17 IST" skipped="0">
  <testcase classname="testCases.HomePageTestCases" name="verifyFormFiledSelection" time="14.422"/>
  <system-out/>
</testsuite> <!-- testCases.HomePageTestCases -->
