<?xml version="1.0" encoding="UTF-8"?>
<!-- Generated by org.testng.reporters.JUnitReportReporter -->
<testsuite hostname="DESKTOP-309P706" failures="0" tests="3" name="testcases.SetPriority" time="0.023" errors="0" timestamp="2022-07-26T15:05:51 IST" skipped="1">
  <testcase classname="testcases.SetPriority" name="test2" time="0.020"/>
  <system-out/>
  <testcase classname="testcases.SetPriority" name="test3" time="0.003"/>
  <system-out/>
  <testcase classname="testcases.SetPriority" name="test1">
    <skipped/>
  </testcase> <!-- test1 -->
  <system-out/>
</testsuite> <!-- testcases.SetPriority -->
