<?xml version="1.0" encoding="UTF-8"?>
<!-- Generated by org.testng.reporters.JUnitReportReporter -->
<testsuite hostname="DESKTOP-309P706" failures="0" tests="1" name="SeleniumUSE.AlertHandling" time="25.472" errors="0" timestamp="2022-08-04T15:57:30 IST" skipped="0">
  <testcase classname="SeleniumUSE.AlertHandling" name="handeAlerts" time="25.472"/>
  <system-out/>
</testsuite> <!-- SeleniumUSE.AlertHandling -->
