<?xml version="1.0" encoding="UTF-8"?>
<!-- Generated by org.testng.reporters.JUnitReportReporter -->
<testsuite hostname="DESKTOP-309P706" failures="0" tests="1" name="SeleniumUSE2.Sroll2" time="20.290" errors="0" timestamp="2022-08-01T12:01:32 IST" skipped="0">
  <testcase classname="SeleniumUSE2.Sroll2" name="scrollUpToElement" time="20.290"/>
  <system-out/>
</testsuite> <!-- SeleniumUSE2.Sroll2 -->
