<?xml version="1.0" encoding="UTF-8"?>
<!-- Generated by org.testng.reporters.JUnitReportReporter -->
<testsuite hostname="DESKTOP-309P706" failures="0" tests="1" name="SeleniumUSE3.ExcelFile" time="0.892" errors="0" timestamp="2022-08-03T16:13:14 IST" skipped="0">
  <testcase classname="SeleniumUSE3.ExcelFile" name="readExcel" time="0.892"/>
  <system-out/>
</testsuite> <!-- SeleniumUSE3.ExcelFile -->
