<?xml version="1.0" encoding="UTF-8"?>
<!-- Generated by org.testng.reporters.JUnitReportReporter -->
<testsuite hostname="DESKTOP-309P706" failures="0" tests="3" name="testNG.TestCaseGroup" time="0.024" errors="0" timestamp="2022-08-04T13:56:08 IST" skipped="0">
  <testcase classname="testNG.TestCaseGroup" name="test4" time="0.002"/>
  <system-out/>
  <testcase classname="testNG.TestCaseGroup" name="test3" time="0.002"/>
  <system-out/>
  <testcase classname="testNG.TestCaseGroup" name="test1" time="0.020"/>
  <system-out/>
</testsuite> <!-- testNG.TestCaseGroup -->
