<?xml version="1.0" encoding="UTF-8"?>
<!-- Generated by org.testng.reporters.JUnitReportReporter -->
<testsuite hostname="DESKTOP-309P706" failures="0" tests="1" name="SeleniumLAST.ParallelExecution" time="16.310" errors="0" timestamp="2022-08-04T15:57:30 IST" skipped="0">
  <testcase classname="SeleniumLAST.ParallelExecution" name="test1" time="16.310"/>
  <system-out/>
</testsuite> <!-- SeleniumLAST.ParallelExecution -->
