<?xml version="1.0" encoding="UTF-8"?>
<!-- Generated by org.testng.reporters.JUnitReportReporter -->
<testsuite hostname="DESKTOP-309P706" failures="0" tests="4" name="testNG.TestCaseGroup" time="0.040" errors="0" timestamp="2022-08-12T12:12:25 IST" skipped="0">
  <testcase classname="testNG.TestCaseGroup" name="test4" time="0.008"/>
  <system-out/>
  <testcase classname="testNG.TestCaseGroup" name="test3" time="0.001"/>
  <system-out/>
  <testcase classname="testNG.TestCaseGroup" name="test1" time="0.028"/>
  <system-out/>
  <testcase classname="testNG.TestCaseGroup" name="test2" time="0.003"/>
  <system-out/>
</testsuite> <!-- testNG.TestCaseGroup -->
