<?xml version="1.0" encoding="UTF-8"?>
<!-- Generated by org.testng.reporters.JUnitReportReporter -->
<testsuite hostname="DESKTOP-309P706" failures="0" tests="4" name="testNG.ParametersAnnotation" time="0.032" errors="0" timestamp="2022-08-12T12:18:46 IST" skipped="0">
  <testcase classname="testNG.ParametersAnnotation" name="test3" time="0.002"/>
  <system-out/>
  <testcase classname="testNG.ParametersAnnotation" name="test1" time="0.021"/>
  <system-out/>
  <testcase classname="testNG.ParametersAnnotation" name="test4" time="0.004"/>
  <system-out/>
  <testcase classname="testNG.ParametersAnnotation" name="test2" time="0.005"/>
  <system-out/>
</testsuite> <!-- testNG.ParametersAnnotation -->
