<?xml version="1.0" encoding="UTF-8"?>
<!-- Generated by org.testng.reporters.JUnitReportReporter -->
<testsuite hostname="DESKTOP-309P706" failures="0" tests="1" name="SeleniumUSE3.Excel" time="0.841" errors="0" timestamp="2022-08-03T16:25:27 IST" skipped="0">
  <testcase classname="SeleniumUSE3.Excel" name="readExcel2" time="0.841"/>
  <system-out/>
</testsuite> <!-- SeleniumUSE3.Excel -->
