<?xml version="1.0" encoding="UTF-8"?>
<!-- Generated by org.testng.reporters.JUnitReportReporter -->
<testsuite hostname="DESKTOP-309P706" failures="0" tests="1" name="SeleniumLAST.TableEXAMPLE" time="39.789" errors="0" timestamp="2022-08-09T21:53:49 IST" skipped="0">
  <testcase classname="SeleniumLAST.TableEXAMPLE" name="printTableData" time="39.789"/>
  <system-out/>
</testsuite> <!-- SeleniumLAST.TableEXAMPLE -->
