<?xml version="1.0" encoding="UTF-8"?>
<!-- Generated by org.testng.reporters.JUnitReportReporter -->
<testsuite hostname="DESKTOP-309P706" failures="0" tests="2" name="testNG.Assertions" time="0.026" errors="0" timestamp="2022-07-27T13:14:15 IST" skipped="0">
  <testcase classname="testNG.Assertions" name="testAssertion" time="0.024"/>
  <system-out/>
  <testcase classname="testNG.Assertions" name="testAssertion1" time="0.002"/>
  <system-out/>
</testsuite> <!-- testNG.Assertions -->
