<?xml version="1.0" encoding="UTF-8"?>
<!-- Generated by org.testng.reporters.JUnitReportReporter -->
<testsuite hostname="DESKTOP-309P706" failures="0" tests="4" name="testcases.ParametersAnnotation" time="0.033" errors="0" timestamp="2022-07-26T14:08:45 IST" skipped="0">
  <testcase classname="testcases.ParametersAnnotation" name="test3" time="0.004"/>
  <system-out/>
  <testcase classname="testcases.ParametersAnnotation" name="test1" time="0.021"/>
  <system-out/>
  <testcase classname="testcases.ParametersAnnotation" name="test2" time="0.005"/>
  <system-out/>
  <testcase classname="testcases.ParametersAnnotation" name="test4" time="0.003"/>
  <system-out/>
</testsuite> <!-- testcases.ParametersAnnotation -->
