<?xml version="1.0" encoding="UTF-8"?>
<!-- Generated by org.testng.reporters.JUnitReportReporter -->
<testsuite hostname="DESKTOP-309P706" failures="0" tests="2" name="testcases.TestNgAnnotations1" time="0.027" errors="0" timestamp="2022-07-25T16:22:43 IST" skipped="0">
  <testcase classname="testcases.TestNgAnnotations1" name="testcase1" time="0.019"/>
  <system-out/>
  <testcase classname="testcases.TestNgAnnotations1" name="testcase2" time="0.008"/>
  <system-out/>
</testsuite> <!-- testcases.TestNgAnnotations1 -->
