<?xml version="1.0" encoding="UTF-8"?>
<!-- Generated by org.testng.reporters.JUnitReportReporter -->
<testsuite hostname="DESKTOP-309P706" failures="0" tests="1" name="SeleniumUSE2.Frames" time="19.383" errors="0" timestamp="2022-08-01T12:31:36 IST" skipped="0">
  <testcase classname="SeleniumUSE2.Frames" name="frameHandling" time="19.383"/>
  <system-out/>
</testsuite> <!-- SeleniumUSE2.Frames -->
