<?xml version="1.0" encoding="UTF-8"?>
<!-- Generated by org.testng.reporters.JUnitReportReporter -->
<testsuite hostname="DESKTOP-309P706" failures="0" tests="1" name="SeleniumUSE2.Scroll" time="17.947" errors="0" timestamp="2022-08-01T11:22:18 IST" skipped="0">
  <testcase classname="SeleniumUSE2.Scroll" name="srollPage" time="17.947"/>
  <system-out/>
</testsuite> <!-- SeleniumUSE2.Scroll -->
