<?xml version="1.0" encoding="UTF-8"?>
<!-- Generated by org.testng.reporters.JUnitReportReporter -->
<testsuite hostname="DESKTOP-309P706" failures="0" tests="1" name="SeleniumUSE3.LoginUsingProperyFile" time="0.070" errors="0" timestamp="2022-08-03T12:08:36 IST" skipped="0">
  <testcase classname="SeleniumUSE3.LoginUsingProperyFile" name="validLogin" time="0.070"/>
  <system-out/>
</testsuite> <!-- SeleniumUSE3.LoginUsingProperyFile -->
