<?xml version="1.0" encoding="UTF-8"?>
<!-- Generated by org.testng.reporters.JUnitReportReporter -->
<testsuite hostname="DESKTOP-309P706" failures="0" tests="1" name="SeleniumUSE2.PrintCurrentURLandTitles" time="19.562" errors="0" timestamp="2022-08-01T12:37:31 IST" skipped="0">
  <testcase classname="SeleniumUSE2.PrintCurrentURLandTitles" name="urlandTitles" time="19.562"/>
  <system-out/>
</testsuite> <!-- SeleniumUSE2.PrintCurrentURLandTitles -->
