<?xml version="1.0" encoding="UTF-8"?>
<!-- Generated by org.testng.reporters.JUnitReportReporter -->
<testsuite hostname="DESKTOP-309P706" failures="0" tests="4" name="testNG.ParametersAnnotation" time="0.030" errors="0" timestamp="2022-08-04T14:20:14 IST" skipped="0">
  <testcase classname="testNG.ParametersAnnotation" name="test2" time="0.013"/>
  <system-out/>
  <testcase classname="testNG.ParametersAnnotation" name="test4" time="0.003"/>
  <system-out/>
  <testcase classname="testNG.ParametersAnnotation" name="test1" time="0.013"/>
  <system-out/>
  <testcase classname="testNG.ParametersAnnotation" name="test3" time="0.001"/>
  <system-out/>
</testsuite> <!-- testNG.ParametersAnnotation -->
